2025-01-10 00:40:30.353 [35m[background-preinit][0;39m [32m[INFO][0;39m [36mo.h.v.i.u.Version[0;39m - HV000001: Hibernate Validator 8.0.1.Final 
2025-01-10 00:40:30.382 [35m[main][0;39m [32m[INFO][0;39m [36mc.b.p.PhotiqueApplication[0;39m - Starting PhotiqueApplication using Java 17.0.9 with PID 13510 (/Users/Min-seong Jeong/Desktop/github/photique/backend/out/production/classes started by Minseong in /Users/Min-seong Jeong/Desktop/github/photique/backend) 
2025-01-10 00:40:30.383 [35m[main][0;39m [32m[INFO][0;39m [36mc.b.p.PhotiqueApplication[0;39m - No active profile set, falling back to 1 default profile: "default" 
2025-01-10 00:40:30.842 [35m[main][0;39m [32m[INFO][0;39m [36mo.s.d.r.c.RepositoryConfigurationDelegate[0;39m - Multiple Spring Data modules found, entering strict repository configuration mode 
2025-01-10 00:40:30.843 [35m[main][0;39m [32m[INFO][0;39m [36mo.s.d.r.c.RepositoryConfigurationDelegate[0;39m - Bootstrapping Spring Data JPA repositories in DEFAULT mode. 
2025-01-10 00:40:30.861 [35m[main][0;39m [32m[INFO][0;39m [36mo.s.d.r.c.RepositoryConfigurationExtensionSupport[0;39m - Spring Data JPA - Could not safely identify store assignment for repository candidate interface com.benchpress200.photique.auth.infrastructure.AuthCodeRepository; If you want this repository to be a JPA repository, consider annotating your entities with one of these annotations: jakarta.persistence.Entity, jakarta.persistence.MappedSuperclass (preferred), or consider extending one of the following types with your repository: org.springframework.data.jpa.repository.JpaRepository 
2025-01-10 00:40:30.862 [35m[main][0;39m [32m[INFO][0;39m [36mo.s.d.r.c.RepositoryConfigurationExtensionSupport[0;39m - Spring Data JPA - Could not safely identify store assignment for repository candidate interface com.benchpress200.photique.auth.infrastructure.RefreshTokenRepository; If you want this repository to be a JPA repository, consider annotating your entities with one of these annotations: jakarta.persistence.Entity, jakarta.persistence.MappedSuperclass (preferred), or consider extending one of the following types with your repository: org.springframework.data.jpa.repository.JpaRepository 
2025-01-10 00:40:30.916 [35m[main][0;39m [32m[INFO][0;39m [36mo.s.d.r.c.RepositoryConfigurationDelegate[0;39m - Finished Spring Data repository scanning in 68 ms. Found 1 JPA repository interface. 
2025-01-10 00:40:30.924 [35m[main][0;39m [32m[INFO][0;39m [36mo.s.d.r.c.RepositoryConfigurationDelegate[0;39m - Multiple Spring Data modules found, entering strict repository configuration mode 
2025-01-10 00:40:30.925 [35m[main][0;39m [32m[INFO][0;39m [36mo.s.d.r.c.RepositoryConfigurationDelegate[0;39m - Bootstrapping Spring Data Redis repositories in DEFAULT mode. 
2025-01-10 00:40:30.933 [35m[main][0;39m [32m[INFO][0;39m [36mo.s.d.r.c.RepositoryConfigurationExtensionSupport[0;39m - Spring Data Redis - Could not safely identify store assignment for repository candidate interface com.benchpress200.photique.user.infrastructure.UserRepository; If you want this repository to be a Redis repository, consider annotating your entities with one of these annotations: org.springframework.data.redis.core.RedisHash (preferred), or consider extending one of the following types with your repository: org.springframework.data.keyvalue.repository.KeyValueRepository 
2025-01-10 00:40:30.936 [35m[main][0;39m [32m[INFO][0;39m [36mo.s.d.r.c.RepositoryConfigurationDelegate[0;39m - Finished Spring Data repository scanning in 7 ms. Found 2 Redis repository interfaces. 
2025-01-10 00:40:31.278 [35m[main][0;39m [32m[INFO][0;39m [36mo.s.b.w.e.t.TomcatWebServer[0;39m - Tomcat initialized with port 8080 (http) 
2025-01-10 00:40:31.283 [35m[main][0;39m [32m[INFO][0;39m [36mo.a.c.h.Http11NioProtocol[0;39m - Initializing ProtocolHandler ["http-nio-8080"] 
2025-01-10 00:40:31.284 [35m[main][0;39m [32m[INFO][0;39m [36mo.a.c.c.StandardService[0;39m - Starting service [Tomcat] 
2025-01-10 00:40:31.284 [35m[main][0;39m [32m[INFO][0;39m [36mo.a.c.c.StandardEngine[0;39m - Starting Servlet engine: [Apache Tomcat/10.1.33] 
2025-01-10 00:40:31.318 [35m[main][0;39m [32m[INFO][0;39m [36mo.a.c.c.C.[.[.[/][0;39m - Initializing Spring embedded WebApplicationContext 
2025-01-10 00:40:31.319 [35m[main][0;39m [32m[INFO][0;39m [36mo.s.b.w.s.c.ServletWebServerApplicationContext[0;39m - Root WebApplicationContext: initialization completed in 919 ms 
2025-01-10 00:40:31.467 [35m[main][0;39m [32m[INFO][0;39m [36mo.h.j.i.u.LogHelper[0;39m - HHH000204: Processing PersistenceUnitInfo [name: default] 
2025-01-10 00:40:31.492 [35m[main][0;39m [32m[INFO][0;39m [36mo.h.Version[0;39m - HHH000412: Hibernate ORM core version 6.6.2.Final 
2025-01-10 00:40:31.508 [35m[main][0;39m [32m[INFO][0;39m [36mo.h.c.i.RegionFactoryInitiator[0;39m - HHH000026: Second-level cache disabled 
2025-01-10 00:40:31.631 [35m[main][0;39m [32m[INFO][0;39m [36mo.s.o.j.p.SpringPersistenceUnitInfo[0;39m - No LoadTimeWeaver setup: ignoring JPA class transformer 
2025-01-10 00:40:31.646 [35m[main][0;39m [32m[INFO][0;39m [36mc.z.h.HikariDataSource[0;39m - HikariPool-1 - Starting... 
2025-01-10 00:40:31.798 [35m[main][0;39m [32m[INFO][0;39m [36mc.z.h.p.HikariPool[0;39m - HikariPool-1 - Added connection com.mysql.cj.jdbc.ConnectionImpl@799206ad 
2025-01-10 00:40:31.798 [35m[main][0;39m [32m[INFO][0;39m [36mc.z.h.HikariDataSource[0;39m - HikariPool-1 - Start completed. 
2025-01-10 00:40:31.822 [35m[main][0;39m [33m[WARN][0;39m [36mo.h.o.deprecation[0;39m - HHH90000025: MySQL8Dialect does not need to be specified explicitly using 'hibernate.dialect' (remove the property setting and it will be selected by default) 
2025-01-10 00:40:31.823 [35m[main][0;39m [33m[WARN][0;39m [36mo.h.o.deprecation[0;39m - HHH90000026: MySQL8Dialect has been deprecated; use org.hibernate.dialect.MySQLDialect instead 
2025-01-10 00:40:31.831 [35m[main][0;39m [32m[INFO][0;39m [36mo.h.o.c.pooling[0;39m - HHH10001005: Database info:
	Database JDBC URL [Connecting through datasource 'HikariDataSource (HikariPool-1)']
	Database driver: undefined/unknown
	Database version: 8.0
	Autocommit mode: undefined/unknown
	Isolation level: undefined/unknown
	Minimum pool size: undefined/unknown
	Maximum pool size: undefined/unknown 
2025-01-10 00:40:32.201 [35m[main][0;39m [32m[INFO][0;39m [36mo.h.e.t.j.p.i.JtaPlatformInitiator[0;39m - HHH000489: No JTA platform available (set 'hibernate.transaction.jta.platform' to enable JTA platform integration) 
2025-01-10 00:40:32.250 [35m[main][0;39m [32m[INFO][0;39m [36mo.s.o.j.LocalContainerEntityManagerFactoryBean[0;39m - Initialized JPA EntityManagerFactory for persistence unit 'default' 
2025-01-10 00:40:32.811 [35m[main][0;39m [33m[WARN][0;39m [36mo.s.b.a.o.j.JpaBaseConfiguration$JpaWebConfiguration[0;39m - spring.jpa.open-in-view is enabled by default. Therefore, database queries may be performed during view rendering. Explicitly configure spring.jpa.open-in-view to disable this warning 
2025-01-10 00:40:33.080 [35m[main][0;39m [32m[INFO][0;39m [36mo.s.b.a.e.w.EndpointLinksResolver[0;39m - Exposing 16 endpoints beneath base path '/api/v1' 
2025-01-10 00:40:33.297 [35m[main][0;39m [32m[INFO][0;39m [36mo.a.c.h.Http11NioProtocol[0;39m - Starting ProtocolHandler ["http-nio-8080"] 
2025-01-10 00:40:33.305 [35m[main][0;39m [32m[INFO][0;39m [36mo.s.b.w.e.t.TomcatWebServer[0;39m - Tomcat started on port 8080 (http) with context path '/' 
2025-01-10 00:40:33.320 [35m[main][0;39m [32m[INFO][0;39m [36mc.b.p.PhotiqueApplication[0;39m - Started PhotiqueApplication in 3.232 seconds (process running for 3.509) 
